2023-09-12 16:53:03,194 - WARNING - No README content found for https://api.github.com/repos/alevalve/MLOPS_FINAL_PROJECT/contents/Final_Project/README.md. Skipping.
2023-09-12 16:53:31,536 - WARNING - No README content found for https://api.github.com/repos/https://gitlab.com/neimv/mlops-project/readme. Skipping.
2023-09-12 16:54:40,869 - WARNING - No README content found for https://api.github.com/repos/AntonisCSt/Mlops_project_semicon/contents/main/README.md. Skipping.
2023-09-12 16:55:08,386 - WARNING - No README content found for https://api.github.com/repos/mharty3/energy_data_capstone/blob/master/readme.md/readme. Skipping.
2023-09-12 16:55:36,806 - WARNING - No README content found for https://api.github.com/repos/yalcinerbasi/mlOps/readme. Skipping.
2023-09-12 16:55:43,537 - WARNING - No README content found for https://api.github.com/repos/instabaines/MLOps/contents/project/Project/README.md. Skipping.
2023-09-12 16:57:37,944 - WARNING - No README content found for https://api.github.com/repos/GattigorlaShivani/MLOPS_ZOOMCAMP/readme. Skipping.
2023-09-12 16:58:01,348 - WARNING - No README content found for https://api.github.com/repos/albwrekt/mlops_zoomcamp_final_project/contents/main/README.md. Skipping.
2023-09-12 16:58:12,617 - WARNING - No README content found for https://api.github.com/repos/venky-lucky/MLOPS_ZoomCamp/contents/git_project/README.md. Skipping.
2023-09-12 16:58:28,219 - WARNING - No README content found for https://api.github.com/repos/Irf4n-Muhammad/MLOPS-Project-Youtube-Trending/blob/main/README.md/readme. Skipping.
2023-09-12 16:58:30,436 - WARNING - No README content found for https://api.github.com/repos/chintalapudipraneeth/MlOpsZoomCamp/contents/main/README.md. Skipping.
2023-09-12 16:58:32,610 - WARNING - No README content found for https://api.github.com/repos/Data-Think-2021/mlops-final-project/contents/main/README.md. Skipping.
2023-09-12 16:58:32,823 - WARNING - No README content found for https://api.github.com/repos/ayeffkay/mlops_zoomcamp_project/contents/develop/README.md. Skipping.
2023-09-12 16:58:33,068 - WARNING - No README content found for https://api.github.com/repos/suri976/ML_OPS_ZOOM_CAMP/contents/main/README.md. Skipping.
2023-09-12 16:58:45,452 - WARNING - No README content found for https://api.github.com/repos/Sebasfac/MLOPS_zoomcamp_project/contents/main/README.md. Skipping.
2023-09-12 16:58:48,209 - WARNING - No README content found for https://api.github.com/repos/Bcopeland64/Zoomcamp-Notebooks/contents/main/README.md. Skipping.
2023-09-12 16:58:50,995 - WARNING - No README content found for https://api.github.com/repos/weslleyalmeid/credit_risk_mlops/contents/main/README.md. Skipping.
2023-09-12 16:59:02,985 - WARNING - No README content found for https://api.github.com/repos/khushal2911/mlops-zoomcamp/contents/07-project/README.md. Skipping.
2023-09-12 16:59:14,629 - WARNING - No README content found for https://api.github.com/repos/marcosppaiva/mlops-final-project/readme. Skipping.
2023-09-12 16:59:22,567 - WARNING - No README content found for https://api.github.com/repos/louis-reinaldo/mlopsproject_eth_prediction/blob/main/07-project/readme. Skipping.
2023-09-12 16:59:24,903 - WARNING - No README content found for https://api.github.com/repos/edcalderin/StudentDropout-Prediction-Mlops/changes/readme. Skipping.
2023-09-12 16:59:44,422 - WARNING - No README content found for https://api.github.com/repos/padmapria/customerchurn_prediction_mlops_project/contents/master/README.md. Skipping.
2023-09-12 17:00:14,267 - WARNING - No README content found for https://api.github.com/repos/daniel-gheorghita/MLOps_car_price_prediction/contents/master/README.md. Skipping.
2023-09-12 17:00:14,494 - WARNING - No README content found for https://api.github.com/repos/arundac23/MLOPS-zoomcamp-2023-project/contents/master/README.md. Skipping.
2023-09-12 17:00:23,476 - WARNING - No README content found for https://api.github.com/repos/idh71/mlops-project/contents/working/README.md. Skipping.
2023-09-12 17:00:31,447 - WARNING - No README content found for https://api.github.com/repos/sarthz/mlops-zoomcamp/readme. Skipping.
2023-09-12 17:05:19,387 - WARNING - No README content found for https://api.github.com/repos/biomlds/dez-capstone-project-2023/readme. Skipping.
2023-09-12 17:05:57,630 - WARNING - No README content found for https://api.github.com/repos/baidlowi/DataEngineer/contents/Tourism%20Destination%20Insight/README.md. Skipping.
2023-09-12 17:06:19,867 - WARNING - No README content found for https://api.github.com/repos/SebastianGrosss/de-zoomcamp-project-gc/readme. Skipping.
2023-09-12 17:06:32,366 - WARNING - No README content found for https://api.github.com/repos/nutritiouss/de_zoocamp/contents/dev/Project/README.md. Skipping.
2023-09-12 17:07:18,668 - WARNING - No README content found for https://api.github.com/repos/AshrafOmara12/Ukraine-Conflict-Twitter-Data-Pipeline/contents/main/README.md. Skipping.
2023-09-12 17:07:34,096 - WARNING - No README content found for https://api.github.com/repos/triet-lq-holistics/soccer_stats/readme. Skipping.
2023-09-12 17:07:36,453 - WARNING - No README content found for https://api.github.com/repos/suri976/Data_Engineering_Zoomcamp/readme. Skipping.
2023-09-12 17:08:00,257 - WARNING - No README content found for https://api.github.com/repos/Shixi99/de-zoomcampR/contents/project/README.md. Skipping.
2023-09-12 17:08:12,397 - WARNING - No README content found for https://api.github.com/repos/ShaalanMarwan/airline-delay-and-cancellation/contents/main/README.md. Skipping.
2023-09-12 17:08:40,192 - WARNING - No README content found for https://api.github.com/repos/agpeel/splashing-thornbill/contents/data_engineering_zoomcamp_2023/project/README.md. Skipping.
2023-09-12 17:10:05,715 - WARNING - No README content found for https://api.github.com/repos/Zesky665/DEZC_2023_Capstone/contents/Final_Version/README.md. Skipping.
2023-09-12 17:10:17,328 - WARNING - No README content found for https://api.github.com/repos/venky-lucky/data_engineering_zoom_camp/contents/week-8-project/README.md. Skipping.
2023-09-12 17:11:21,559 - WARNING - No README content found for https://api.github.com/repos/EngMohamedKemany/DE-ZoomCAMP-Project_Universities_Rank/contents/master/README.md. Skipping.
2023-09-12 17:11:25,034 - WARNING - No README content found for https://api.github.com/repos/brettdavies/de-zoomcamp-capstone/readme. Skipping.
2023-09-12 17:11:35,447 - WARNING - No README content found for https://api.github.com/repos/vuvuzella/de_zoomcamp_2023/contents/week_7/README.md. Skipping.
2023-09-12 17:12:28,586 - WARNING - No README content found for https://api.github.com/repos/vbugaevskii/de-zoomcamp-cycling-2023/contents/main/README.md. Skipping.
2023-09-12 17:13:32,632 - WARNING - No README content found for https://api.github.com/repos/1armani/de-zoomcamp/blob/main/7_project/readme. Skipping.
2023-09-12 17:13:36,222 - WARNING - No README content found for https://api.github.com/repos/daniel-gheorghita/dezoomcamp/contents/7_project_Belgium_housing_market/README.md. Skipping.
2023-09-12 17:13:53,023 - WARNING - No README content found for https://api.github.com/repos/juicero-chief-juice-officer/zoomcamp_projects/contents/main/README.md. Skipping.
2023-09-12 17:14:11,373 - WARNING - No README content found for https://api.github.com/repos/MekongDelta-mind/de_zoomcamp_2023_capstone/contents/review_attempt_2/README.md. Skipping.
2023-09-12 17:14:16,461 - WARNING - No README content found for https://api.github.com/repos/diegoib/de-github-user/contents/main/README.md. Skipping.
2023-09-12 17:47:18,158 - WARNING - No README content found for https://api.github.com/repos/rizdiaprilian/MLZoomcamp_2022/contents/Project_2/README.md. Skipping.
2023-09-12 17:47:23,654 - WARNING - No README content found for https://api.github.com/repos/yegireddihemanth/MLZoomcamp2022/readme. Skipping.
2023-09-12 17:47:35,105 - WARNING - No README content found for https://api.github.com/repos/suri976/capstone2/readme. Skipping.
2023-09-12 17:47:35,339 - WARNING - No README content found for https://api.github.com/repos/nirmadevi7/zoomcamp_homework/contents/Capestone_Project2/README.md. Skipping.
2023-09-12 17:47:35,541 - WARNING - No README content found for https://api.github.com/repos/vermadev54/mlzoomcamp_2022/contents/CapstoneProject2/README.md. Skipping.
2023-09-12 17:47:45,842 - WARNING - No README content found for https://api.github.com/repos/yadwink/Machine-Learning/contents/CapStone%20project/README.md. Skipping.
2023-09-12 17:47:46,027 - WARNING - No README content found for https://api.github.com/repos/Sivapriyapj/pneumonia_detection/readme. Skipping.
2023-09-12 17:58:44,385 - WARNING - No README content found for https://api.github.com/repos/rizdiaprilian/MLZoomcamp_2022/contents/Project_2/README.md. Skipping.
2023-09-12 17:58:51,244 - WARNING - No README content found for https://api.github.com/repos/yegireddihemanth/MLZoomcamp2022/readme. Skipping.
2023-09-12 17:59:03,855 - WARNING - No README content found for https://api.github.com/repos/suri976/capstone2/readme. Skipping.
2023-09-12 17:59:04,053 - WARNING - No README content found for https://api.github.com/repos/nirmadevi7/zoomcamp_homework/contents/Capestone_Project2/README.md. Skipping.
2023-09-12 17:59:04,282 - WARNING - No README content found for https://api.github.com/repos/vermadev54/mlzoomcamp_2022/contents/CapstoneProject2/README.md. Skipping.
2023-09-12 17:59:17,692 - WARNING - No README content found for https://api.github.com/repos/yadwink/Machine-Learning/contents/CapStone%20project/README.md. Skipping.
2023-09-12 17:59:17,877 - WARNING - No README content found for https://api.github.com/repos/Sivapriyapj/pneumonia_detection/readme. Skipping.
2023-09-12 17:59:50,935 - WARNING - No README content found for https://api.github.com/repos/chintalapudipraneeth/MlZoomCamp/contents/Capstone%20Project2/README.md. Skipping.
2023-09-12 18:00:08,081 - WARNING - No README content found for https://api.github.com/repos/alejomaar/Machine-Learning-Zoomcamp/contents/Capstone%201/README.md. Skipping.
2023-09-12 18:00:20,443 - WARNING - No README content found for https://api.github.com/repos/rizdiaprilian/MLZoomcamp_2022/contents/Project_1/README.md. Skipping.
2023-09-12 18:00:33,603 - WARNING - No README content found for https://api.github.com/repos/aminakhmetov/aminakhmetov/contents/ML-ZoomCamp/Capstone%20Project/README.md. Skipping.
2023-09-12 18:00:50,494 - WARNING - No README content found for https://api.github.com/repos/ptrisha/mlbookcamp-code/contents/hw_branch/course-zoomcamp/homework/capstone1/README.md. Skipping.
2023-09-12 18:01:49,992 - WARNING - No README content found for https://api.github.com/repos/MekongDelta-mind/ml_zoomcamp_2022_projects/contents/gh_capstone_one_branch/ml_zoomcamp_2022_capstone_one/README.md. Skipping.
2023-09-12 18:01:59,769 - WARNING - No README content found for https://api.github.com/repos/suri976/ML-ZoomCamp_2022/contents/Capstone/README.md. Skipping.
2023-09-12 18:02:08,764 - WARNING - No README content found for https://api.github.com/repos/vermadev54/mlzoomcamp_2022/contents/CapstoneProject1/README.md. Skipping.
2023-09-12 18:02:16,371 - WARNING - No README content found for https://api.github.com/repos/buind85/ml-zoomcamp/contents/ca931364a70c6ddb0a7af57cc1cdc9c71e1e99ec/capstone-1/README.md. Skipping.
2023-09-12 18:02:24,489 - WARNING - No README content found for https://api.github.com/repos/nirmadevi7/zoomcamp_homework/contents/Capstone_Project1/README.md. Skipping.
2023-09-12 18:02:39,408 - WARNING - No README content found for https://api.github.com/repos/venky-lucky/Zoomcamp_Homework/blob/main/CapstoneProject1.rar/readme. Skipping.
2023-09-12 18:02:43,445 - WARNING - No README content found for https://api.github.com/repos/Chewye/ZoomCamp_projects/contents/Capstone_1/README.md. Skipping.
2023-09-12 18:02:47,770 - WARNING - No README content found for https://api.github.com/repos/alejomaar/Machine-Learning-Zoomcamp/contents/Midterm_proyect/README.md. Skipping.
2023-09-12 18:02:47,953 - WARNING - No README content found for https://api.github.com/repos/cmigpereira/machine-learning-zoomcamp-midterm-project/readme. Skipping.
2023-09-12 18:03:01,706 - WARNING - No README content found for https://api.github.com/repos/darkcorpd/ml-zoomcamp/contents/twitter-bots-classification/README.md. Skipping.
2023-09-12 18:03:09,517 - WARNING - No README content found for https://api.github.com/repos/GreLeBr/mlzoom/contents/mid_proj/README.md. Skipping.
2023-09-12 18:03:47,951 - WARNING - No README content found for https://api.github.com/repos/rizdiaprilian/MLZoomcamp_2022/contents/Capstone_project/README.md. Skipping.
2023-09-12 18:03:51,688 - WARNING - No README content found for https://api.github.com/repos/npthao110/machine-learning---data-club/blob/main/Project.ipynb/readme. Skipping.
2023-09-12 18:03:51,918 - WARNING - No README content found for https://api.github.com/repos/douglas-dm9/ML-zoomcamp/contents/capstone_project/README.md. Skipping.
2023-09-12 18:03:52,117 - WARNING - No README content found for https://api.github.com/repos/danannisar/track_popularity_reg/readme. Skipping.
2023-09-12 18:04:04,231 - WARNING - No README content found for https://api.github.com/repos/yadwink/Machine-Learning/contents/Mid-Term%20Project/README.md. Skipping.
2023-09-12 18:04:13,917 - WARNING - No README content found for https://api.github.com/repos/Sivapriyapj/HealthInsurance_ML/readme. Skipping.
2023-09-12 18:04:25,830 - WARNING - No README content found for https://api.github.com/repos/Efradgalio/MLZoomcamp-2022-Summary/contents/Week-7%20midterm-project/README.md. Skipping.
2023-09-12 18:04:26,011 - WARNING - No README content found for https://api.github.com/repos/xtbtds/Heart_Attack_Prediction_Service/readme. Skipping.
2023-09-12 18:04:26,282 - WARNING - No README content found for https://api.github.com/repos/gabrielorce/mlbookcamp-code/contents/course-zoomcamp/cohorts/2022/midterm_project/README.md. Skipping.
2023-09-12 18:04:33,044 - WARNING - No README content found for https://api.github.com/repos/Chewye/zoomcamp/readme. Skipping.
2023-09-12 18:04:38,969 - WARNING - No README content found for https://api.github.com/repos/kyokai/mlzoomcamp-midterm/readme. Skipping.
2023-09-12 18:04:57,563 - WARNING - No README content found for https://api.github.com/repos/AfroGrit/zoomcamp/contents/module-capstone-1/ML/module-capstone-1/README.md. Skipping.
2023-09-12 18:05:06,382 - WARNING - No README content found for https://api.github.com/repos/tahabinzafar/ML-Zoomcamp/contents/midterm_project/README.md. Skipping.
2023-09-12 18:05:32,049 - WARNING - No README content found for https://api.github.com/repos/adamorad/midtermproject/contents/main/README.md. Skipping.
2023-09-12 18:05:33,701 - WARNING - No README content found for https://api.github.com/repos/arwa267/Course_Zoomcamp_Homework/contents/Project/README.md. Skipping.
2023-09-12 18:05:41,664 - WARNING - No README content found for https://api.github.com/repos/nghenzi/midterm_project/readme. Skipping.
2023-09-12 18:05:52,223 - WARNING - No README content found for https://api.github.com/repos/arundac23/ML_Zoomcamp_2022/contents/08_midterm_project/README.md. Skipping.
2023-09-12 18:06:02,706 - WARNING - No README content found for https://api.github.com/repos/jamontanac/MLZoomCamp/contents/Mid%20Project/README.md. Skipping.
2023-09-12 18:06:02,885 - WARNING - No README content found for https://api.github.com/repos/DaniTrece/rice-classification/readme. Skipping.
2023-09-12 18:06:16,391 - WARNING - No README content found for https://api.github.com/repos/Blaqadonis/MlZoomcamp2022MidTermProject/contents/master/README.md. Skipping.
2023-09-12 18:06:21,559 - WARNING - No README content found for https://api.github.com/repos/MekongDelta-mind/ml_zoomcamp_2022_projects/contents/gh_mid_term_branch/ml_zoomcamp_2022_mid_term/README.md. Skipping.
2023-09-12 18:06:48,646 - WARNING - No README content found for https://api.github.com/repos/Kibzik/job-shifting-prediction#deploying-to-cloudheroku-docker-deployment/readme. Skipping.
2023-09-12 18:09:45,089 - WARNING - No README content found for https://api.github.com/repos/rizdiaprilian/MLZoomcamp_2022/contents/Project_2/README.md. Skipping.
2023-09-12 18:09:51,153 - WARNING - No README content found for https://api.github.com/repos/yegireddihemanth/MLZoomcamp2022/readme. Skipping.
2023-09-12 18:10:05,340 - WARNING - No README content found for https://api.github.com/repos/suri976/capstone2/readme. Skipping.
2023-09-12 18:10:05,545 - WARNING - No README content found for https://api.github.com/repos/nirmadevi7/zoomcamp_homework/contents/Capestone_Project2/README.md. Skipping.
2023-09-12 18:10:05,788 - WARNING - No README content found for https://api.github.com/repos/vermadev54/mlzoomcamp_2022/contents/CapstoneProject2/README.md. Skipping.
2023-09-12 18:10:19,774 - WARNING - No README content found for https://api.github.com/repos/yadwink/Machine-Learning/contents/CapStone%20project/README.md. Skipping.
2023-09-12 18:10:19,950 - WARNING - No README content found for https://api.github.com/repos/Sivapriyapj/pneumonia_detection/readme. Skipping.
2023-09-12 18:10:57,353 - WARNING - No README content found for https://api.github.com/repos/chintalapudipraneeth/MlZoomCamp/contents/Capstone%20Project2/README.md. Skipping.
2023-09-12 18:11:16,210 - WARNING - No README content found for https://api.github.com/repos/alejomaar/Machine-Learning-Zoomcamp/contents/Capstone%201/README.md. Skipping.
2023-09-12 18:11:28,142 - WARNING - No README content found for https://api.github.com/repos/rizdiaprilian/MLZoomcamp_2022/contents/Project_1/README.md. Skipping.
2023-09-12 18:11:39,084 - WARNING - No README content found for https://api.github.com/repos/aminakhmetov/aminakhmetov/contents/ML-ZoomCamp/Capstone%20Project/README.md. Skipping.
2023-09-12 18:11:58,202 - WARNING - No README content found for https://api.github.com/repos/ptrisha/mlbookcamp-code/contents/hw_branch/course-zoomcamp/homework/capstone1/README.md. Skipping.
2023-09-12 18:12:53,152 - WARNING - No README content found for https://api.github.com/repos/MekongDelta-mind/ml_zoomcamp_2022_projects/contents/gh_capstone_one_branch/ml_zoomcamp_2022_capstone_one/README.md. Skipping.
2023-09-12 18:13:03,954 - WARNING - No README content found for https://api.github.com/repos/suri976/ML-ZoomCamp_2022/contents/Capstone/README.md. Skipping.
2023-09-12 18:13:15,274 - WARNING - No README content found for https://api.github.com/repos/vermadev54/mlzoomcamp_2022/contents/CapstoneProject1/README.md. Skipping.
2023-09-12 18:13:23,050 - WARNING - No README content found for https://api.github.com/repos/buind85/ml-zoomcamp/contents/ca931364a70c6ddb0a7af57cc1cdc9c71e1e99ec/capstone-1/README.md. Skipping.
2023-09-12 18:13:32,064 - WARNING - No README content found for https://api.github.com/repos/nirmadevi7/zoomcamp_homework/contents/Capstone_Project1/README.md. Skipping.
2023-09-12 18:13:44,145 - WARNING - No README content found for https://api.github.com/repos/venky-lucky/Zoomcamp_Homework/blob/main/CapstoneProject1.rar/readme. Skipping.
2023-09-12 18:13:47,510 - WARNING - No README content found for https://api.github.com/repos/Chewye/ZoomCamp_projects/contents/Capstone_1/README.md. Skipping.
2023-09-12 18:13:50,750 - WARNING - No README content found for https://api.github.com/repos/alejomaar/Machine-Learning-Zoomcamp/contents/Midterm_proyect/README.md. Skipping.
2023-09-12 18:13:50,958 - WARNING - No README content found for https://api.github.com/repos/cmigpereira/machine-learning-zoomcamp-midterm-project/readme. Skipping.
2023-09-12 18:14:04,288 - WARNING - No README content found for https://api.github.com/repos/darkcorpd/ml-zoomcamp/contents/twitter-bots-classification/README.md. Skipping.
2023-09-12 18:14:13,890 - WARNING - No README content found for https://api.github.com/repos/GreLeBr/mlzoom/contents/mid_proj/README.md. Skipping.
2023-09-12 18:14:51,324 - WARNING - No README content found for https://api.github.com/repos/rizdiaprilian/MLZoomcamp_2022/contents/Capstone_project/README.md. Skipping.
2023-09-12 18:14:54,680 - WARNING - No README content found for https://api.github.com/repos/npthao110/machine-learning---data-club/blob/main/Project.ipynb/readme. Skipping.
2023-09-12 18:14:54,924 - WARNING - No README content found for https://api.github.com/repos/douglas-dm9/ML-zoomcamp/contents/capstone_project/README.md. Skipping.
2023-09-12 18:14:55,103 - WARNING - No README content found for https://api.github.com/repos/danannisar/track_popularity_reg/readme. Skipping.
2023-09-12 18:15:06,787 - WARNING - No README content found for https://api.github.com/repos/yadwink/Machine-Learning/contents/Mid-Term%20Project/README.md. Skipping.
2023-09-12 18:15:17,012 - WARNING - No README content found for https://api.github.com/repos/Sivapriyapj/HealthInsurance_ML/readme. Skipping.
2023-09-12 18:15:28,782 - WARNING - No README content found for https://api.github.com/repos/Efradgalio/MLZoomcamp-2022-Summary/contents/Week-7%20midterm-project/README.md. Skipping.
2023-09-12 18:15:28,966 - WARNING - No README content found for https://api.github.com/repos/xtbtds/Heart_Attack_Prediction_Service/readme. Skipping.
2023-09-12 18:15:29,194 - WARNING - No README content found for https://api.github.com/repos/gabrielorce/mlbookcamp-code/contents/course-zoomcamp/cohorts/2022/midterm_project/README.md. Skipping.
2023-09-12 18:15:36,048 - WARNING - No README content found for https://api.github.com/repos/Chewye/zoomcamp/readme. Skipping.
2023-09-12 18:15:42,856 - WARNING - No README content found for https://api.github.com/repos/kyokai/mlzoomcamp-midterm/readme. Skipping.
2023-09-12 18:16:03,208 - WARNING - No README content found for https://api.github.com/repos/AfroGrit/zoomcamp/contents/module-capstone-1/ML/module-capstone-1/README.md. Skipping.
2023-09-12 18:16:11,338 - WARNING - No README content found for https://api.github.com/repos/tahabinzafar/ML-Zoomcamp/contents/midterm_project/README.md. Skipping.
2023-09-12 18:16:33,930 - WARNING - No README content found for https://api.github.com/repos/adamorad/midtermproject/contents/main/README.md. Skipping.
2023-09-12 18:16:36,061 - WARNING - No README content found for https://api.github.com/repos/arwa267/Course_Zoomcamp_Homework/contents/Project/README.md. Skipping.
2023-09-12 18:16:46,410 - WARNING - No README content found for https://api.github.com/repos/nghenzi/midterm_project/readme. Skipping.
2023-09-12 18:16:56,259 - WARNING - No README content found for https://api.github.com/repos/arundac23/ML_Zoomcamp_2022/contents/08_midterm_project/README.md. Skipping.
2023-09-12 18:17:04,246 - WARNING - No README content found for https://api.github.com/repos/jamontanac/MLZoomCamp/contents/Mid%20Project/README.md. Skipping.
2023-09-12 18:17:04,440 - WARNING - No README content found for https://api.github.com/repos/DaniTrece/rice-classification/readme. Skipping.
2023-09-12 18:17:17,973 - WARNING - No README content found for https://api.github.com/repos/Blaqadonis/MlZoomcamp2022MidTermProject/contents/master/README.md. Skipping.
2023-09-12 18:17:24,294 - WARNING - No README content found for https://api.github.com/repos/MekongDelta-mind/ml_zoomcamp_2022_projects/contents/gh_mid_term_branch/ml_zoomcamp_2022_mid_term/README.md. Skipping.
2023-09-12 18:17:54,832 - WARNING - No README content found for https://api.github.com/repos/Kibzik/job-shifting-prediction#deploying-to-cloudheroku-docker-deployment/readme. Skipping.


FIX
1)When README.md in the end
FIX: include logic on src/generate_and_save_titles.py - line 59

2023-11-10 08:44:29,705 - WARNING - No README content found for https://api.github.com/repos/ynusinovich/machine-learning-zoomcamp-dtc/blob/main/README.md/readme. Skipping.
2023-11-10 08:40:39,016 - WARNING - No README content found for https://api.github.com/repos/BeckMarquez/ML_zoomcamp_2023/blob/Midterm_project/README.md/readme. Skipping.
2023-11-10 08:39:23,635 - WARNING - No README content found for https://api.github.com/repos/olgazju/ml_camp_2023/blob/main/midterm_project/README.md/readme. Skipping.

2)contains a fragment (#midterm-project-binary-prediction-of-smoker-status-using-bio-signals) that should not be included in an API call. 
The appended /readme at the end of the constructed URL is incorrect.|
https://api.github.com/repos/ahmedokka29/Binary-Prediction-of-Smoker-Status-using-Bio-Signals/contents/README.md

FIX: when manually construct the URL, remove fragment doesn't happen. src/generate_and_save_titles.py - line 59

2023-11-10 08:42:39,337 - WARNING - No README content found for https://api.github.com/repos/ahmedokka29/Binary-Prediction-of-Smoker-Status-using-Bio-Signals#midterm-project-binary-prediction-of-smoker-status-using-bio-signals/readme. Skipping.
